make --dry-run --always-make --keep-going --print-directory
make: Entering directory '/home/sofia/Documents/OperativosII/soii---2022---laboratorio-vi-sofia-am'
mkdir -p src bin lib obj inc
cd config_files \
sudo mkdir --parents ./etc/nginx/conf.d \
sudo cp nginx_config.conf /etc/nginx/conf.d\
sudo systemctl reload nginx.service & \
sudo systemctl restart nginx.service & \

cd config_files \
sudo cp server.service /etc/systemd/system \
sudo systemctl daemon-reload \
sudo systemctl enable server.service &\
sudo systemctl start server.service &\

cd config_files \
sudo cp log_config.log /etc/logrotate.d/ \
sudo chmod 644 /etc/logrotate.d/log_config.log \
chown root.root /etc/logrotate.d/log_config.log \

gcc  -g -Wall -pedantic -Wextra -std=gnu11 -Wconversion  -c src/test.c -o obj/main.o
gcc  obj/main.o -lulfius -ljansson -lyder -o main
make: Leaving directory '/home/sofia/Documents/OperativosII/soii---2022---laboratorio-vi-sofia-am'
 
